2025-10-14 14:45:07,841 - INFO - Application started
2025-10-14 14:45:07,844 - INFO - Main window created
2025-10-14 14:45:07,844 - INFO - Elements/Widgets - Buttons loaded
2025-10-14 14:45:07,844 - INFO - Initial App View fully Loaded . Rady for next steps 
2025-10-14 14:45:13,679 - INFO - App in Preview Mode
2025-10-14 14:45:13,686 - INFO - Detection button enabled. Ready for detection
2025-10-14 14:45:19,760 - INFO - App set to Initial App View. Ready for preview
2025-10-14 14:45:19,760 - INFO - Detection button disabled
2025-10-14 14:45:21,105 - INFO - App in Preview Mode
2025-10-14 14:45:21,105 - INFO - Detection button enabled. Ready for detection
2025-10-14 14:45:26,413 - INFO - App set to Initial App View. Ready for preview
2025-10-14 14:45:26,413 - INFO - Detection button disabled
2025-10-14 14:45:31,272 - INFO - App in Preview Mode
2025-10-14 14:45:31,272 - INFO - Detection button enabled. Ready for detection
2025-10-14 14:45:37,751 - INFO - App set to Initial App View. Ready for preview
2025-10-14 14:45:37,751 - INFO - Detection button disabled
2025-10-14 14:45:40,601 - INFO - App in Preview Mode
2025-10-14 14:45:40,601 - INFO - Detection button enabled. Ready for detection
2025-10-14 14:45:42,185 - INFO - App set to Initial App View. Ready for preview
2025-10-14 14:45:42,185 - INFO - Detection button disabled
2025-10-14 14:46:05,407 - INFO - Application started
2025-10-14 14:46:05,407 - INFO - Main window created
2025-10-14 14:46:05,407 - INFO - Elements/Widgets - Buttons loaded
2025-10-14 14:46:05,407 - INFO - Initial App View fully Loaded . Rady for next steps 
2025-10-14 14:46:07,449 - INFO - App in Preview Mode
2025-10-14 14:46:07,450 - INFO - Detection button enabled. Ready for detection
2025-10-14 14:48:22,947 - INFO - Application started
2025-10-14 14:48:22,947 - INFO - Main window created
2025-10-14 14:48:22,947 - INFO - Elements/Widgets - Buttons loaded
2025-10-14 14:48:22,947 - INFO - Initial App View fully Loaded . Rady for next steps 
2025-10-14 14:48:24,725 - INFO - App in Preview Mode
2025-10-14 14:48:24,725 - INFO - Detection button enabled. Ready for detection
2025-10-14 14:48:28,809 - INFO - App set to Initial App View. Ready for preview
2025-10-14 14:48:28,809 - INFO - Detection button disabled
2025-10-14 14:48:33,407 - INFO - App in Preview Mode
2025-10-14 14:48:33,407 - INFO - Detection button enabled. Ready for detection
2025-10-14 14:50:30,502 - INFO - Application started
2025-10-14 14:50:30,506 - INFO - Main window created
2025-10-14 14:50:30,506 - INFO - Elements/Widgets - Buttons loaded
2025-10-14 14:50:30,506 - INFO - Initial App View fully Loaded . Rady for next steps 
2025-10-14 14:50:32,420 - INFO - App in Preview Mode
2025-10-14 14:50:32,420 - INFO - Detection button enabled. Ready for detection
2025-10-14 14:50:34,808 - INFO - App set to Initial App View. Ready for preview
2025-10-14 14:50:34,808 - INFO - Detection button disabled
2025-10-14 14:50:35,652 - INFO - App in Preview Mode
2025-10-14 14:50:35,652 - INFO - Detection button enabled. Ready for detection
2025-10-14 14:50:55,089 - INFO - Application started
2025-10-14 14:50:55,089 - INFO - Main window created
2025-10-14 14:50:55,089 - INFO - Elements/Widgets - Buttons loaded
2025-10-14 14:50:55,089 - INFO - Initial App View fully Loaded . Rady for next steps 
2025-10-14 14:50:58,335 - INFO - App in Preview Mode
2025-10-14 14:50:58,336 - INFO - Detection button enabled. Ready for detection
2025-10-14 14:51:34,733 - INFO - Application started
2025-10-14 14:51:34,733 - INFO - Main window created
2025-10-14 14:51:34,733 - INFO - Elements/Widgets - Buttons loaded
2025-10-14 14:51:34,733 - INFO - Initial App View fully Loaded . Rady for next steps 
2025-10-14 14:51:44,444 - INFO - App in Preview Mode
2025-10-14 14:51:44,446 - INFO - Detection button enabled. Ready for detection
2025-10-14 14:53:22,417 - INFO - Application started
2025-10-14 14:53:22,417 - INFO - Main window created
2025-10-14 14:53:22,417 - INFO - Elements/Widgets - Buttons loaded
2025-10-14 14:53:22,417 - INFO - Initial App View fully Loaded . Rady for next steps 
2025-10-14 14:53:26,632 - INFO - App in Preview Mode
2025-10-14 14:53:26,633 - INFO - Detection button enabled. Ready for detection
2025-10-14 14:53:29,863 - INFO - App set to Initial App View. Ready for preview
2025-10-14 14:53:29,863 - INFO - Detection button disabled
2025-10-14 14:53:32,971 - INFO - App in Preview Mode
2025-10-14 14:53:32,971 - INFO - Detection button enabled. Ready for detection
2025-10-14 14:53:35,032 - INFO - App set to Initial App View. Ready for preview
2025-10-14 14:53:35,032 - INFO - Detection button disabled
2025-10-14 14:53:36,656 - INFO - App in Preview Mode
2025-10-14 14:53:36,656 - INFO - Detection button enabled. Ready for detection
2025-10-14 14:53:37,494 - INFO - App set to Initial App View. Ready for preview
2025-10-14 14:53:37,494 - INFO - Detection button disabled
2025-10-14 14:53:40,847 - INFO - App in Preview Mode
2025-10-14 14:53:40,847 - INFO - Detection button enabled. Ready for detection
2025-10-14 15:15:50,016 - INFO - Application started
2025-10-14 15:15:50,016 - INFO - Main window created
2025-10-14 15:15:50,016 - INFO - Elements/Widgets - Buttons loaded
2025-10-14 15:15:50,016 - INFO - Initial App View fully Loaded . Rady for next steps 
2025-10-14 15:15:53,410 - INFO - App in Preview Mode
2025-10-14 15:15:53,410 - INFO - Detection button enabled. Ready for detection
2025-10-14 15:15:55,355 - INFO - Object detection starting
2025-10-14 15:15:56,496 - INFO - Object detection stopping
2025-10-14 15:15:57,309 - INFO - Object detection stopping
2025-10-14 15:15:59,330 - INFO - Object detection stopping
2025-10-14 15:16:00,463 - INFO - Object detection stopping
2025-10-14 15:16:01,467 - INFO - Object detection stopping
2025-10-14 15:16:02,605 - INFO - Object detection stopping
2025-10-14 15:16:59,191 - INFO - Application started
2025-10-14 15:16:59,194 - INFO - Main window created
2025-10-14 15:16:59,194 - INFO - Elements/Widgets - Buttons loaded
2025-10-14 15:16:59,194 - INFO - Initial App View fully Loaded . Rady for next steps 
2025-10-14 15:17:02,282 - INFO - App in Preview Mode
2025-10-14 15:17:02,282 - INFO - Detection button enabled. Ready for detection
2025-10-14 15:17:12,717 - INFO - Object detection starting
2025-10-14 15:17:39,337 - INFO - Object detection stopping
2025-10-14 15:17:42,902 - INFO - Object detection stopping
2025-10-14 15:17:50,929 - INFO - Object detection stopping
2025-10-14 15:18:21,607 - INFO - Application started
2025-10-14 15:18:21,612 - INFO - Main window created
2025-10-14 15:18:21,612 - INFO - Elements/Widgets - Buttons loaded
2025-10-14 15:18:21,612 - INFO - Initial App View fully Loaded . Rady for next steps 
2025-10-14 15:18:26,270 - INFO - App in Preview Mode
2025-10-14 15:18:26,270 - INFO - Detection button enabled. Ready for detection
2025-10-14 15:18:29,199 - INFO - Object detection starting
2025-10-14 15:18:32,159 - INFO - Object detection stopping
2025-10-14 15:18:34,545 - INFO - Object detection starting
2025-10-14 15:18:35,945 - INFO - Object detection stopping
2025-10-14 15:18:36,695 - INFO - Object detection starting
2025-10-14 15:18:37,325 - INFO - Object detection stopping
2025-10-14 15:18:37,918 - INFO - Object detection starting
2025-10-14 15:18:38,453 - INFO - Object detection stopping
2025-10-14 15:18:40,125 - INFO - App set to Initial App View. Ready for preview
2025-10-14 15:18:40,125 - INFO - Detection button disabled
2025-10-14 15:18:45,135 - INFO - App in Preview Mode
2025-10-14 15:18:45,135 - INFO - Detection button enabled. Ready for detection
2025-10-14 15:18:46,956 - INFO - Object detection stopping
2025-10-14 15:19:01,054 - INFO - Application started
2025-10-14 15:19:01,060 - INFO - Main window created
2025-10-14 15:19:01,060 - INFO - Elements/Widgets - Buttons loaded
2025-10-14 15:19:01,060 - INFO - Initial App View fully Loaded . Rady for next steps 
2025-10-14 15:19:04,298 - INFO - App in Preview Mode
2025-10-14 15:19:04,298 - INFO - Detection button enabled. Ready for detection
2025-10-14 15:19:07,806 - INFO - Object detection starting
2025-10-14 15:19:19,991 - INFO - App set to Initial App View. Ready for preview
2025-10-14 15:19:19,991 - INFO - Detection button disabled
2025-10-14 15:19:24,608 - INFO - App in Preview Mode
2025-10-14 15:19:24,608 - INFO - Detection button enabled. Ready for detection
2025-10-14 15:20:30,000 - INFO - Application started
2025-10-14 15:20:30,000 - INFO - Main window created
2025-10-14 15:20:30,000 - INFO - Elements/Widgets - Buttons loaded
2025-10-14 15:20:30,000 - INFO - Initial App View fully Loaded . Rady for next steps 
2025-10-14 15:20:33,950 - INFO - App in Preview Mode
2025-10-14 15:20:33,950 - INFO - Detection button enabled. Ready for detection
2025-10-14 15:20:35,296 - INFO - App set to Initial App View. Ready for preview
2025-10-14 15:20:35,298 - INFO - Detection button disabled
2025-10-14 15:20:36,014 - INFO - App in Preview Mode
2025-10-14 15:20:36,014 - INFO - Detection button enabled. Ready for detection
2025-10-14 15:20:36,549 - INFO - App set to Initial App View. Ready for preview
2025-10-14 15:20:36,549 - INFO - Detection button disabled
2025-10-14 15:20:37,058 - INFO - App in Preview Mode
2025-10-14 15:20:37,058 - INFO - Detection button enabled. Ready for detection
2025-10-14 15:20:38,084 - INFO - App set to Initial App View. Ready for preview
2025-10-14 15:20:38,087 - INFO - Detection button disabled
2025-10-14 15:20:38,570 - INFO - App in Preview Mode
2025-10-14 15:20:38,570 - INFO - Detection button enabled. Ready for detection
2025-10-14 15:20:38,953 - INFO - App set to Initial App View. Ready for preview
2025-10-14 15:20:38,953 - INFO - Detection button disabled
2025-10-14 15:20:39,292 - INFO - App in Preview Mode
2025-10-14 15:20:39,292 - INFO - Detection button enabled. Ready for detection
2025-10-14 15:20:39,652 - INFO - App set to Initial App View. Ready for preview
2025-10-14 15:20:39,658 - INFO - Detection button disabled
2025-10-14 15:20:41,385 - INFO - App in Preview Mode
2025-10-14 15:20:41,387 - INFO - Detection button enabled. Ready for detection
2025-10-14 15:20:42,030 - INFO - Object detection starting
2025-10-14 15:20:42,897 - INFO - Object detection stopping
2025-10-14 15:20:43,534 - INFO - Object detection starting
2025-10-14 15:20:45,518 - INFO - Object detection stopping
2025-10-14 15:20:46,713 - INFO - Object detection starting
2025-10-14 15:20:50,154 - INFO - Object detection stopping
2025-10-14 15:20:51,168 - INFO - Object detection starting
2025-10-14 15:20:58,031 - INFO - App set to Initial App View. Ready for preview
2025-10-14 15:20:58,032 - INFO - Detection button disabled
2025-10-14 15:20:58,980 - INFO - App in Preview Mode
2025-10-14 15:20:58,980 - INFO - Detection button enabled. Ready for detection
2025-10-14 15:21:00,765 - INFO - Object detection starting
2025-10-14 15:21:01,294 - INFO - Object detection stopping
2025-10-14 15:21:02,091 - INFO - Object detection starting
2025-10-14 15:21:02,519 - INFO - Object detection stopping
2025-10-14 15:21:03,332 - INFO - Object detection starting
2025-10-14 15:21:06,434 - INFO - Object detection stopping
2025-10-14 15:21:10,369 - INFO - App set to Initial App View. Ready for preview
2025-10-14 15:21:10,369 - INFO - Detection button disabled
2025-10-14 15:21:12,318 - INFO - App in Preview Mode
2025-10-14 15:21:12,323 - INFO - Detection button enabled. Ready for detection
2025-10-14 15:21:13,765 - INFO - Object detection starting
